<?xml version="1.0" encoding="UTF-8"?>
<!-- Generated by org.testng.reporters.JUnitReportReporter -->
<testsuite hostname="DESKTOP-LLEDGKQ" failures="0" tests="1" name="Com.Pokemon.PokemonCheck" time="16.475" errors="0" timestamp="2023-12-26T00:34:36 IST" skipped="0">
  <testcase classname="Com.Pokemon.PokemonCheck" name="pokemoncheck" time="16.475"/>
</testsuite> <!-- Com.Pokemon.PokemonCheck -->
