<?xml version="1.0" encoding="UTF-8"?>
<!-- Generated by org.testng.reporters.JUnitReportReporter -->
<testsuite hostname="DESKTOP-LLEDGKQ" failures="0" tests="1" name="BaseClass.baseclass" time="7.716" errors="0" timestamp="2024-01-03T23:38:55 IST" skipped="0">
  <testcase classname="BaseClass.baseclass" name="chromelaunch" time="7.716"/>
</testsuite> <!-- BaseClass.baseclass -->
