<?xml version="1.0" encoding="UTF-8"?>
<!-- Generated by org.testng.reporters.JUnitReportReporter -->
<testsuite hostname="DESKTOP-LLEDGKQ" failures="0" tests="1" name="HSBCprep.Fluentwaitex" time="32.061" errors="0" timestamp="2024-02-05T01:58:59 IST" skipped="0">
  <testcase classname="HSBCprep.Fluentwaitex" name="checkwaits" time="32.061"/>
</testsuite> <!-- HSBCprep.Fluentwaitex -->
