<?xml version="1.0" encoding="UTF-8"?>
<!-- Generated by org.testng.reporters.JUnitReportReporter -->
<testsuite hostname="DESKTOP-LLEDGKQ" failures="0" tests="1" name="HSBCprep.MouseAction" time="13.784" errors="0" timestamp="2024-02-05T23:42:01 IST" skipped="0">
  <testcase classname="HSBCprep.MouseAction" name="mouseact" time="13.784"/>
</testsuite> <!-- HSBCprep.MouseAction -->
