<?xml version="1.0" encoding="UTF-8"?>
<!-- Generated by org.testng.reporters.JUnitReportReporter -->
<testsuite hostname="DESKTOP-LLEDGKQ" failures="0" tests="1" name="restFul.Booker.auth.BookerAuth" time="6.692" errors="0" timestamp="2023-12-25T23:48:30 IST" skipped="0">
  <testcase classname="restFul.Booker.auth.BookerAuth" name="AuthBooker" time="6.692"/>
</testsuite> <!-- restFul.Booker.auth.BookerAuth -->
