<?xml version="1.0" encoding="UTF-8"?>
<!-- Generated by org.testng.reporters.JUnitReportReporter -->
<testsuite hostname="DESKTOP-LLEDGKQ" failures="0" tests="2" name="HSBCprep.KeyBoradActions" time="77.705" errors="0" timestamp="2024-02-06T00:35:07 IST" skipped="1">
  <testcase classname="HSBCprep.KeyBoradActions" name="action2" time="77.705"/>
  <testcase classname="HSBCprep.KeyBoradActions" name="keyborad">
    <skipped/>
  </testcase> <!-- keyborad -->
</testsuite> <!-- HSBCprep.KeyBoradActions -->
