<?xml version="1.0" encoding="UTF-8"?>
<!-- Generated by org.testng.reporters.JUnitReportReporter -->
<testsuite hostname="DESKTOP-LLEDGKQ" failures="0" tests="1" name="HSBCprep.Frames" time="12.915" errors="0" timestamp="2024-02-05T01:24:49 IST" skipped="0">
  <testcase classname="HSBCprep.Frames" name="checkframe" time="12.915"/>
</testsuite> <!-- HSBCprep.Frames -->
