<?xml version="1.0" encoding="UTF-8"?>
<!-- Generated by org.testng.reporters.JUnitReportReporter -->
<testsuite hostname="DESKTOP-LLEDGKQ" failures="0" tests="2" name="PageClass.login.login" time="5.732" errors="0" timestamp="2024-01-04T00:39:22 IST" skipped="0">
  <testcase classname="PageClass.login.login" name="googleops" time="3.723"/>
  <testcase classname="PageClass.login.login" name="userdetails" time="2.009"/>
</testsuite> <!-- PageClass.login.login -->
