<?xml version="1.0" encoding="UTF-8"?>
<!-- Generated by org.testng.reporters.JUnitReportReporter -->
<testsuite hostname="DESKTOP-LLEDGKQ" failures="0" tests="1" name="Com.Pokemon.PokemonType" time="8.033" errors="0" timestamp="2023-12-26T01:04:39 IST" skipped="0">
  <testcase classname="Com.Pokemon.PokemonType" name="poketipe" time="8.033"/>
</testsuite> <!-- Com.Pokemon.PokemonType -->
