<?xml version="1.0" encoding="UTF-8"?>
<!-- Generated by org.testng.reporters.JUnitReportReporter -->
<testsuite hostname="DESKTOP-LLEDGKQ" failures="0" tests="3" name="HSBCprep.prepartion1" time="12.233" errors="0" timestamp="2024-02-13T00:44:45 IST" skipped="2">
  <testcase classname="HSBCprep.prepartion1" name="selectopions" time="12.233"/>
  <testcase classname="HSBCprep.prepartion1" name="links">
    <skipped/>
  </testcase> <!-- links -->
  <testcase classname="HSBCprep.prepartion1" name="checkbox">
    <skipped/>
  </testcase> <!-- checkbox -->
</testsuite> <!-- HSBCprep.prepartion1 -->
