<?xml version="1.0" encoding="UTF-8"?>
<!-- Generated by org.testng.reporters.JUnitReportReporter -->
<testsuite hostname="DESKTOP-LLEDGKQ" failures="0" tests="1" name="Spree.Address.Contries.ReturnsalistofCountries" time="4.427" errors="0" timestamp="2023-11-29T12:00:18 IST" skipped="0">
  <testcase classname="Spree.Address.Contries.ReturnsalistofCountries" name="getCountries" time="4.427"/>
</testsuite> <!-- Spree.Address.Contries.ReturnsalistofCountries -->
