<?xml version="1.0" encoding="UTF-8"?>
<!-- Generated by org.testng.reporters.JUnitReportReporter -->
<testsuite hostname="DESKTOP-LLEDGKQ" failures="0" tests="1" name="HSBCprep.HandleBrowserWindow" time="11.372" errors="0" timestamp="2024-02-22T07:14:21 IST" skipped="0">
  <testcase classname="HSBCprep.HandleBrowserWindow" name="test1" time="11.372"/>
</testsuite> <!-- HSBCprep.HandleBrowserWindow -->
