<?xml version="1.0" encoding="UTF-8"?>
<!-- Generated by org.testng.reporters.JUnitReportReporter -->
<testsuite hostname="DESKTOP-LLEDGKQ" failures="0" tests="1" name="Com.Pokemon.ptest01" time="3.848" errors="0" timestamp="2024-04-21T01:55:35 IST" skipped="0">
  <testcase classname="Com.Pokemon.ptest01" name="resttest01" time="3.848"/>
</testsuite> <!-- Com.Pokemon.ptest01 -->
