<?xml version="1.0" encoding="UTF-8"?>
<!-- Generated by org.testng.reporters.JUnitReportReporter -->
<testsuite hostname="DESKTOP-LLEDGKQ" failures="0" tests="1" name="PageClass.navigationcheck" time="2.915" errors="0" timestamp="2024-01-04T00:21:20 IST" skipped="0">
  <testcase classname="PageClass.navigationcheck" name="googleops" time="2.915"/>
</testsuite> <!-- PageClass.navigationcheck -->
