<?xml version="1.0" encoding="UTF-8"?>
<!-- Generated by org.testng.reporters.JUnitReportReporter -->
<testsuite hostname="DESKTOP-LLEDGKQ" failures="0" tests="1" name="HSBCprep.Brokenlinksandlink" time="104.276" errors="0" timestamp="2024-03-08T14:59:51 IST" skipped="0">
  <testcase classname="HSBCprep.Brokenlinksandlink" name="linkactions" time="104.276"/>
</testsuite> <!-- HSBCprep.Brokenlinksandlink -->
