<?xml version="1.0" encoding="UTF-8"?>
<!-- Generated by org.testng.reporters.JUnitReportReporter -->
<testsuite hostname="DESKTOP-LLEDGKQ" failures="0" tests="2" name="Spree.Address.Contries.createaddressusigUtils" time="11.631" errors="0" timestamp="2023-11-29T16:59:12 IST" skipped="0">
  <testcase classname="Spree.Address.Contries.createaddressusigUtils" name="Create_Address" time="9.975"/>
  <testcase classname="Spree.Address.Contries.createaddressusigUtils" name="Update_Address" time="1.656"/>
</testsuite> <!-- Spree.Address.Contries.createaddressusigUtils -->
