<?xml version="1.0" encoding="UTF-8"?>
<!-- Generated by org.testng.reporters.JUnitReportReporter -->
<testsuite hostname="DESKTOP-LLEDGKQ" failures="0" tests="1" name="Com.Pokemon.PokemonAbility" time="11.572" errors="0" timestamp="2023-12-26T00:45:39 IST" skipped="0">
  <testcase classname="Com.Pokemon.PokemonAbility" name="PokemonStatus" time="11.572"/>
</testsuite> <!-- Com.Pokemon.PokemonAbility -->
