<?xml version="1.0" encoding="UTF-8"?>
<!-- Generated by org.testng.reporters.JUnitReportReporter -->
<testsuite hostname="DESKTOP-LLEDGKQ" failures="0" tests="3" name="JarvisAPI.JarvisAPI.request1" time="6.834" errors="0" timestamp="2023-12-19T01:44:14 IST" skipped="1">
  <testcase classname="JarvisAPI.JarvisAPI.request1" name="UpdateUser" time="5.065"/>
  <testcase classname="JarvisAPI.JarvisAPI.request1" name="createUser" time="1.769"/>
  <testcase classname="JarvisAPI.JarvisAPI.request1" name="getUser">
    <skipped/>
  </testcase> <!-- getUser -->
</testsuite> <!-- JarvisAPI.JarvisAPI.request1 -->
