<?xml version="1.0" encoding="UTF-8"?>
<!-- Generated by org.testng.reporters.JUnitReportReporter -->
<testsuite hostname="DESKTOP-LLEDGKQ" failures="0" tests="1" name="RestnormalMethod.req1" time="3.960" errors="0" timestamp="2024-03-08T14:35:05 IST" skipped="0">
  <testcase classname="RestnormalMethod.req1" name="getreq1" time="3.960"/>
</testsuite> <!-- RestnormalMethod.req1 -->
