<?xml version="1.0" encoding="UTF-8"?>
<!-- Generated by org.testng.reporters.JUnitReportReporter -->
<testsuite hostname="DESKTOP-LLEDGKQ" failures="0" tests="1" name="HSBCprep.LaunchBrowser" time="12.510" errors="0" timestamp="2024-02-04T01:33:32 IST" skipped="0">
  <testcase classname="HSBCprep.LaunchBrowser" name="init" time="12.510"/>
</testsuite> <!-- HSBCprep.LaunchBrowser -->
