<?xml version="1.0" encoding="UTF-8"?>
<!-- Generated by org.testng.reporters.JUnitReportReporter -->
<testsuite hostname="DESKTOP-LLEDGKQ" failures="0" tests="8" name="Spree.Address.Contries.Negativeupdateaddress" time="7.263" errors="0" timestamp="2023-12-19T01:20:25 IST" skipped="0">
  <testcase classname="Spree.Address.Contries.Negativeupdateaddress" name="addBadAddresses" time="0.774"/>
  <testcase classname="Spree.Address.Contries.Negativeupdateaddress" name="addBadAddresses" time="0.766"/>
  <testcase classname="Spree.Address.Contries.Negativeupdateaddress" name="addBadAddresses" time="0.811"/>
  <testcase classname="Spree.Address.Contries.Negativeupdateaddress" name="addBadAddresses" time="0.768"/>
  <testcase classname="Spree.Address.Contries.Negativeupdateaddress" name="addBadAddresses" time="0.778"/>
  <testcase classname="Spree.Address.Contries.Negativeupdateaddress" name="addBadAddresses" time="0.805"/>
  <testcase classname="Spree.Address.Contries.Negativeupdateaddress" name="addBadAddresses" time="0.824"/>
  <testcase classname="Spree.Address.Contries.Negativeupdateaddress" name="addBadAddresses" time="1.737"/>
</testsuite> <!-- Spree.Address.Contries.Negativeupdateaddress -->
